2020-04-14 16:37:29.326 [testSuiteId:276] ERROR com.e.caseservice.utils.GitlabApiUtils - gitlab 用户认证失败: null
org.gitlab.api.GitlabAPIException: {"message":"401 Unauthorized"}
	at org.gitlab.api.http.GitlabHTTPRequestor.handleAPIError(GitlabHTTPRequestor.java:436)
	at org.gitlab.api.http.GitlabHTTPRequestor.to(GitlabHTTPRequestor.java:170)
	at org.gitlab.api.http.GitlabHTTPRequestor.to(GitlabHTTPRequestor.java:139)
	at org.gitlab.api.GitlabAPI.connect(GitlabAPI.java:54)
	at com.e.caseservice.utils.GitlabApiUtils.getGitlabApi(GitlabApiUtils.java:26)
	at com.e.caseservice.service.GitService.init(GitService.java:43)
	at com.e.caseservice.service.CaseGitRepoService.init(CaseGitRepoService.java:88)
	at com.e.caseservice.service.AutoParseCaseService.startParse(AutoParseCaseService.java:166)
	at com.e.caseservice.service.AutoParseCaseService.access$000(AutoParseCaseService.java:24)
	at com.e.caseservice.service.AutoParseCaseService$ParseCaseThread.run(AutoParseCaseService.java:254)
	at java.util.concurrent.ThreadPoolExecutor.runWorker(ThreadPoolExecutor.java:1149)
	at java.util.concurrent.ThreadPoolExecutor$Worker.run(ThreadPoolExecutor.java:624)
	at java.lang.Thread.run(Thread.java:748)
Caused by: java.io.IOException: Server returned HTTP response code: 401 for URL: http://192.168.18.132/api/v3/session
	at sun.net.www.protocol.http.HttpURLConnection.getInputStream0(HttpURLConnection.java:1894)
	at sun.net.www.protocol.http.HttpURLConnection.getInputStream(HttpURLConnection.java:1492)
	at org.gitlab.api.http.GitlabHTTPRequestor.parse(GitlabHTTPRequestor.java:394)
	at org.gitlab.api.http.GitlabHTTPRequestor.to(GitlabHTTPRequestor.java:168)
	... 11 common frames omitted
2020-04-14 16:46:13.704 [testSuiteId:276] ERROR com.e.caseservice.utils.GitlabApiUtils - gitlab 用户认证失败: null
org.gitlab.api.GitlabAPIException: {"message":"401 Unauthorized"}
	at org.gitlab.api.http.GitlabHTTPRequestor.handleAPIError(GitlabHTTPRequestor.java:436)
	at org.gitlab.api.http.GitlabHTTPRequestor.to(GitlabHTTPRequestor.java:170)
	at org.gitlab.api.http.GitlabHTTPRequestor.to(GitlabHTTPRequestor.java:139)
	at org.gitlab.api.GitlabAPI.connect(GitlabAPI.java:54)
	at com.e.caseservice.utils.GitlabApiUtils.getGitlabApi(GitlabApiUtils.java:26)
	at com.e.caseservice.service.GitService.init(GitService.java:43)
	at com.e.caseservice.service.CaseGitRepoService.init(CaseGitRepoService.java:88)
	at com.e.caseservice.service.AutoParseCaseService.startParse(AutoParseCaseService.java:166)
	at com.e.caseservice.service.AutoParseCaseService.access$000(AutoParseCaseService.java:24)
	at com.e.caseservice.service.AutoParseCaseService$ParseCaseThread.run(AutoParseCaseService.java:254)
	at java.util.concurrent.ThreadPoolExecutor.runWorker(ThreadPoolExecutor.java:1149)
	at java.util.concurrent.ThreadPoolExecutor$Worker.run(ThreadPoolExecutor.java:624)
	at java.lang.Thread.run(Thread.java:748)
Caused by: java.io.IOException: Server returned HTTP response code: 401 for URL: http://192.168.18.132/api/v3/session
	at sun.net.www.protocol.http.HttpURLConnection.getInputStream0(HttpURLConnection.java:1894)
	at sun.net.www.protocol.http.HttpURLConnection.getInputStream(HttpURLConnection.java:1492)
	at org.gitlab.api.http.GitlabHTTPRequestor.parse(GitlabHTTPRequestor.java:394)
	at org.gitlab.api.http.GitlabHTTPRequestor.to(GitlabHTTPRequestor.java:168)
	... 11 common frames omitted
2020-04-14 16:46:13.704 [testSuiteId:276] ERROR com.e.caseservice.service.CaseGitRepoService - GIT代码初始化失败!
2020-04-14 17:09:39.432 [testSuiteId:276] ERROR com.e.caseservice.utils.GitlabApiUtils - gitlab 用户认证失败: null
org.gitlab.api.GitlabAPIException: {"message":"401 Unauthorized"}
	at org.gitlab.api.http.GitlabHTTPRequestor.handleAPIError(GitlabHTTPRequestor.java:436)
	at org.gitlab.api.http.GitlabHTTPRequestor.to(GitlabHTTPRequestor.java:170)
	at org.gitlab.api.http.GitlabHTTPRequestor.to(GitlabHTTPRequestor.java:139)
	at org.gitlab.api.GitlabAPI.connect(GitlabAPI.java:54)
	at com.e.caseservice.utils.GitlabApiUtils.getGitlabApi(GitlabApiUtils.java:26)
	at com.e.caseservice.service.GitService.init(GitService.java:43)
	at com.e.caseservice.service.CaseGitRepoService.init(CaseGitRepoService.java:88)
	at com.e.caseservice.service.AutoParseCaseService.startParse(AutoParseCaseService.java:166)
	at com.e.caseservice.service.AutoParseCaseService.access$000(AutoParseCaseService.java:24)
	at com.e.caseservice.service.AutoParseCaseService$ParseCaseThread.run(AutoParseCaseService.java:254)
	at java.util.concurrent.ThreadPoolExecutor.runWorker(ThreadPoolExecutor.java:1149)
	at java.util.concurrent.ThreadPoolExecutor$Worker.run(ThreadPoolExecutor.java:624)
	at java.lang.Thread.run(Thread.java:748)
Caused by: java.io.IOException: Server returned HTTP response code: 401 for URL: http://192.168.18.132/api/v3/session
	at sun.net.www.protocol.http.HttpURLConnection.getInputStream0(HttpURLConnection.java:1894)
	at sun.net.www.protocol.http.HttpURLConnection.getInputStream(HttpURLConnection.java:1492)
	at org.gitlab.api.http.GitlabHTTPRequestor.parse(GitlabHTTPRequestor.java:394)
	at org.gitlab.api.http.GitlabHTTPRequestor.to(GitlabHTTPRequestor.java:168)
	... 11 common frames omitted
2020-04-14 17:09:39.432 [testSuiteId:276] ERROR com.e.caseservice.service.CaseGitRepoService - GIT代码初始化失败!
2020-04-14 17:18:14.726 [testSuiteId:276] ERROR com.e.caseservice.utils.GitlabApiUtils - gitlab 用户认证失败: null
org.gitlab.api.GitlabAPIException: {"message":"401 Unauthorized"}
	at org.gitlab.api.http.GitlabHTTPRequestor.handleAPIError(GitlabHTTPRequestor.java:436)
	at org.gitlab.api.http.GitlabHTTPRequestor.to(GitlabHTTPRequestor.java:170)
	at org.gitlab.api.http.GitlabHTTPRequestor.to(GitlabHTTPRequestor.java:139)
	at org.gitlab.api.GitlabAPI.connect(GitlabAPI.java:54)
	at com.e.caseservice.utils.GitlabApiUtils.getGitlabApi(GitlabApiUtils.java:26)
	at com.e.caseservice.service.GitService.init(GitService.java:43)
	at com.e.caseservice.service.CaseGitRepoService.init(CaseGitRepoService.java:88)
	at com.e.caseservice.service.AutoParseCaseService.startParse(AutoParseCaseService.java:166)
	at com.e.caseservice.service.AutoParseCaseService.access$000(AutoParseCaseService.java:24)
	at com.e.caseservice.service.AutoParseCaseService$ParseCaseThread.run(AutoParseCaseService.java:254)
	at java.util.concurrent.ThreadPoolExecutor.runWorker(ThreadPoolExecutor.java:1149)
	at java.util.concurrent.ThreadPoolExecutor$Worker.run(ThreadPoolExecutor.java:624)
	at java.lang.Thread.run(Thread.java:748)
Caused by: java.io.IOException: Server returned HTTP response code: 401 for URL: http://192.168.18.132/api/v3/session
	at sun.net.www.protocol.http.HttpURLConnection.getInputStream0(HttpURLConnection.java:1894)
	at sun.net.www.protocol.http.HttpURLConnection.getInputStream(HttpURLConnection.java:1492)
	at org.gitlab.api.http.GitlabHTTPRequestor.parse(GitlabHTTPRequestor.java:394)
	at org.gitlab.api.http.GitlabHTTPRequestor.to(GitlabHTTPRequestor.java:168)
	... 11 common frames omitted
2020-04-14 17:18:14.726 [testSuiteId:276] ERROR com.e.caseservice.service.CaseGitRepoService - GIT代码初始化失败!
2020-04-14 17:18:14.748 [testSuiteId:276] ERROR com.e.caseservice.utils.GitlabApiUtils - gitlab 用户认证失败: null
org.gitlab.api.GitlabAPIException: {"message":"401 Unauthorized"}
	at org.gitlab.api.http.GitlabHTTPRequestor.handleAPIError(GitlabHTTPRequestor.java:436)
	at org.gitlab.api.http.GitlabHTTPRequestor.to(GitlabHTTPRequestor.java:170)
	at org.gitlab.api.http.GitlabHTTPRequestor.to(GitlabHTTPRequestor.java:139)
	at org.gitlab.api.GitlabAPI.connect(GitlabAPI.java:54)
	at com.e.caseservice.utils.GitlabApiUtils.getGitlabApi(GitlabApiUtils.java:26)
	at com.e.caseservice.service.GitService.init(GitService.java:43)
	at com.e.caseservice.service.CaseGitRepoService.init(CaseGitRepoService.java:88)
	at com.e.caseservice.service.AutoParseCaseService.startParse(AutoParseCaseService.java:166)
	at com.e.caseservice.service.AutoParseCaseService.access$000(AutoParseCaseService.java:24)
	at com.e.caseservice.service.AutoParseCaseService$ParseCaseThread.run(AutoParseCaseService.java:254)
	at java.util.concurrent.ThreadPoolExecutor.runWorker(ThreadPoolExecutor.java:1149)
	at java.util.concurrent.ThreadPoolExecutor$Worker.run(ThreadPoolExecutor.java:624)
	at java.lang.Thread.run(Thread.java:748)
Caused by: java.io.IOException: Server returned HTTP response code: 401 for URL: http://192.168.18.132/api/v3/session
	at sun.net.www.protocol.http.HttpURLConnection.getInputStream0(HttpURLConnection.java:1894)
	at sun.net.www.protocol.http.HttpURLConnection.getInputStream(HttpURLConnection.java:1492)
	at org.gitlab.api.http.GitlabHTTPRequestor.parse(GitlabHTTPRequestor.java:394)
	at org.gitlab.api.http.GitlabHTTPRequestor.to(GitlabHTTPRequestor.java:168)
	... 11 common frames omitted
2020-04-14 17:18:14.748 [testSuiteId:276] ERROR com.e.caseservice.service.CaseGitRepoService - GIT代码初始化失败!
2020-04-14 17:18:14.885 [testSuiteId:276] ERROR com.e.caseservice.utils.GitlabApiUtils - gitlab 用户认证失败: null
org.gitlab.api.GitlabAPIException: {"message":"401 Unauthorized"}
	at org.gitlab.api.http.GitlabHTTPRequestor.handleAPIError(GitlabHTTPRequestor.java:436)
	at org.gitlab.api.http.GitlabHTTPRequestor.to(GitlabHTTPRequestor.java:170)
	at org.gitlab.api.http.GitlabHTTPRequestor.to(GitlabHTTPRequestor.java:139)
	at org.gitlab.api.GitlabAPI.connect(GitlabAPI.java:54)
	at com.e.caseservice.utils.GitlabApiUtils.getGitlabApi(GitlabApiUtils.java:26)
	at com.e.caseservice.service.GitService.init(GitService.java:43)
	at com.e.caseservice.service.CaseGitRepoService.init(CaseGitRepoService.java:88)
	at com.e.caseservice.service.AutoParseCaseService.startParse(AutoParseCaseService.java:166)
	at com.e.caseservice.service.AutoParseCaseService.access$000(AutoParseCaseService.java:24)
	at com.e.caseservice.service.AutoParseCaseService$ParseCaseThread.run(AutoParseCaseService.java:254)
	at java.util.concurrent.ThreadPoolExecutor.runWorker(ThreadPoolExecutor.java:1149)
	at java.util.concurrent.ThreadPoolExecutor$Worker.run(ThreadPoolExecutor.java:624)
	at java.lang.Thread.run(Thread.java:748)
Caused by: java.io.IOException: Server returned HTTP response code: 401 for URL: http://192.168.18.132/api/v3/session
	at sun.net.www.protocol.http.HttpURLConnection.getInputStream0(HttpURLConnection.java:1894)
	at sun.net.www.protocol.http.HttpURLConnection.getInputStream(HttpURLConnection.java:1492)
	at org.gitlab.api.http.GitlabHTTPRequestor.parse(GitlabHTTPRequestor.java:394)
	at org.gitlab.api.http.GitlabHTTPRequestor.to(GitlabHTTPRequestor.java:168)
	... 11 common frames omitted
2020-04-14 17:18:14.885 [testSuiteId:276] ERROR com.e.caseservice.service.CaseGitRepoService - GIT代码初始化失败!
2020-04-14 17:19:15.190 [testSuiteId:276] ERROR com.e.caseservice.utils.GitlabApiUtils - gitlab 用户认证失败: null
org.gitlab.api.GitlabAPIException: {"message":"401 Unauthorized"}
	at org.gitlab.api.http.GitlabHTTPRequestor.handleAPIError(GitlabHTTPRequestor.java:436)
	at org.gitlab.api.http.GitlabHTTPRequestor.to(GitlabHTTPRequestor.java:170)
	at org.gitlab.api.http.GitlabHTTPRequestor.to(GitlabHTTPRequestor.java:139)
	at org.gitlab.api.GitlabAPI.connect(GitlabAPI.java:54)
	at com.e.caseservice.utils.GitlabApiUtils.getGitlabApi(GitlabApiUtils.java:26)
	at com.e.caseservice.service.GitService.init(GitService.java:43)
	at com.e.caseservice.service.CaseGitRepoService.init(CaseGitRepoService.java:88)
	at com.e.caseservice.service.AutoParseCaseService.startParse(AutoParseCaseService.java:166)
	at com.e.caseservice.service.AutoParseCaseService.access$000(AutoParseCaseService.java:24)
	at com.e.caseservice.service.AutoParseCaseService$ParseCaseThread.run(AutoParseCaseService.java:254)
	at java.util.concurrent.ThreadPoolExecutor.runWorker(ThreadPoolExecutor.java:1149)
	at java.util.concurrent.ThreadPoolExecutor$Worker.run(ThreadPoolExecutor.java:624)
	at java.lang.Thread.run(Thread.java:748)
Caused by: java.io.IOException: Server returned HTTP response code: 401 for URL: http://192.168.18.132/api/v3/session
	at sun.net.www.protocol.http.HttpURLConnection.getInputStream0(HttpURLConnection.java:1894)
	at sun.net.www.protocol.http.HttpURLConnection.getInputStream(HttpURLConnection.java:1492)
	at org.gitlab.api.http.GitlabHTTPRequestor.parse(GitlabHTTPRequestor.java:394)
	at org.gitlab.api.http.GitlabHTTPRequestor.to(GitlabHTTPRequestor.java:168)
	... 11 common frames omitted
2020-04-14 17:19:15.191 [testSuiteId:276] ERROR com.e.caseservice.service.CaseGitRepoService - GIT代码初始化失败!
2020-04-14 17:22:36.235 [testSuiteId:276] ERROR com.e.caseservice.utils.GitlabApiUtils - gitlab 用户认证失败: null
org.gitlab.api.GitlabAPIException: {"message":"401 Unauthorized"}
	at org.gitlab.api.http.GitlabHTTPRequestor.handleAPIError(GitlabHTTPRequestor.java:436)
	at org.gitlab.api.http.GitlabHTTPRequestor.to(GitlabHTTPRequestor.java:170)
	at org.gitlab.api.http.GitlabHTTPRequestor.to(GitlabHTTPRequestor.java:139)
	at org.gitlab.api.GitlabAPI.connect(GitlabAPI.java:54)
	at com.e.caseservice.utils.GitlabApiUtils.getGitlabApi(GitlabApiUtils.java:26)
	at com.e.caseservice.service.GitService.init(GitService.java:43)
	at com.e.caseservice.service.CaseGitRepoService.init(CaseGitRepoService.java:88)
	at com.e.caseservice.service.AutoParseCaseService.startParse(AutoParseCaseService.java:166)
	at com.e.caseservice.service.AutoParseCaseService.access$000(AutoParseCaseService.java:24)
	at com.e.caseservice.service.AutoParseCaseService$ParseCaseThread.run(AutoParseCaseService.java:254)
	at java.util.concurrent.ThreadPoolExecutor.runWorker(ThreadPoolExecutor.java:1149)
	at java.util.concurrent.ThreadPoolExecutor$Worker.run(ThreadPoolExecutor.java:624)
	at java.lang.Thread.run(Thread.java:748)
Caused by: java.io.IOException: Server returned HTTP response code: 401 for URL: http://192.168.18.132/api/v3/session
	at sun.net.www.protocol.http.HttpURLConnection.getInputStream0(HttpURLConnection.java:1894)
	at sun.net.www.protocol.http.HttpURLConnection.getInputStream(HttpURLConnection.java:1492)
	at org.gitlab.api.http.GitlabHTTPRequestor.parse(GitlabHTTPRequestor.java:394)
	at org.gitlab.api.http.GitlabHTTPRequestor.to(GitlabHTTPRequestor.java:168)
	... 11 common frames omitted
2020-04-14 17:22:36.236 [testSuiteId:276] ERROR com.e.caseservice.service.CaseGitRepoService - GIT代码初始化失败!
2020-04-14 17:25:06.853 [testSuiteId:276] ERROR com.e.caseservice.utils.GitlabApiUtils - gitlab 用户认证失败: null
org.gitlab.api.GitlabAPIException: {"message":"401 Unauthorized"}
	at org.gitlab.api.http.GitlabHTTPRequestor.handleAPIError(GitlabHTTPRequestor.java:436)
	at org.gitlab.api.http.GitlabHTTPRequestor.to(GitlabHTTPRequestor.java:170)
	at org.gitlab.api.http.GitlabHTTPRequestor.to(GitlabHTTPRequestor.java:139)
	at org.gitlab.api.GitlabAPI.connect(GitlabAPI.java:54)
	at com.e.caseservice.utils.GitlabApiUtils.getGitlabApi(GitlabApiUtils.java:26)
	at com.e.caseservice.service.GitService.init(GitService.java:43)
	at com.e.caseservice.service.CaseGitRepoService.init(CaseGitRepoService.java:88)
	at com.e.caseservice.service.AutoParseCaseService.startParse(AutoParseCaseService.java:166)
	at com.e.caseservice.service.AutoParseCaseService.access$000(AutoParseCaseService.java:24)
	at com.e.caseservice.service.AutoParseCaseService$ParseCaseThread.run(AutoParseCaseService.java:254)
	at java.util.concurrent.ThreadPoolExecutor.runWorker(ThreadPoolExecutor.java:1149)
	at java.util.concurrent.ThreadPoolExecutor$Worker.run(ThreadPoolExecutor.java:624)
	at java.lang.Thread.run(Thread.java:748)
Caused by: java.io.IOException: Server returned HTTP response code: 401 for URL: http://192.168.18.132/api/v3/session
	at sun.net.www.protocol.http.HttpURLConnection.getInputStream0(HttpURLConnection.java:1894)
	at sun.net.www.protocol.http.HttpURLConnection.getInputStream(HttpURLConnection.java:1492)
	at org.gitlab.api.http.GitlabHTTPRequestor.parse(GitlabHTTPRequestor.java:394)
	at org.gitlab.api.http.GitlabHTTPRequestor.to(GitlabHTTPRequestor.java:168)
	... 11 common frames omitted
2020-04-14 17:25:06.853 [testSuiteId:276] ERROR com.e.caseservice.service.CaseGitRepoService - GIT代码初始化失败!
2020-04-14 17:28:40.475 [testSuiteId:276] ERROR com.e.caseservice.utils.GitlabApiUtils - gitlab 用户认证失败: xxx
org.gitlab.api.GitlabAPIException: {"message":"401 Unauthorized"}
	at org.gitlab.api.http.GitlabHTTPRequestor.handleAPIError(GitlabHTTPRequestor.java:436)
	at org.gitlab.api.http.GitlabHTTPRequestor.to(GitlabHTTPRequestor.java:170)
	at org.gitlab.api.http.GitlabHTTPRequestor.to(GitlabHTTPRequestor.java:139)
	at org.gitlab.api.GitlabAPI.connect(GitlabAPI.java:54)
	at com.e.caseservice.utils.GitlabApiUtils.getGitlabApi(GitlabApiUtils.java:26)
	at com.e.caseservice.service.GitService.init(GitService.java:43)
	at com.e.caseservice.service.CaseGitRepoService.init(CaseGitRepoService.java:88)
	at com.e.caseservice.service.AutoParseCaseService.startParse(AutoParseCaseService.java:166)
	at com.e.caseservice.service.AutoParseCaseService.access$000(AutoParseCaseService.java:24)
	at com.e.caseservice.service.AutoParseCaseService$ParseCaseThread.run(AutoParseCaseService.java:254)
	at java.util.concurrent.ThreadPoolExecutor.runWorker(ThreadPoolExecutor.java:1149)
	at java.util.concurrent.ThreadPoolExecutor$Worker.run(ThreadPoolExecutor.java:624)
	at java.lang.Thread.run(Thread.java:748)
Caused by: java.io.IOException: Server returned HTTP response code: 401 for URL: http://192.168.18.132/api/v3/session
	at sun.net.www.protocol.http.HttpURLConnection.getInputStream0(HttpURLConnection.java:1894)
	at sun.net.www.protocol.http.HttpURLConnection.getInputStream(HttpURLConnection.java:1492)
	at org.gitlab.api.http.GitlabHTTPRequestor.parse(GitlabHTTPRequestor.java:394)
	at org.gitlab.api.http.GitlabHTTPRequestor.to(GitlabHTTPRequestor.java:168)
	... 11 common frames omitted
2020-04-14 17:28:40.475 [testSuiteId:276] ERROR com.e.caseservice.service.CaseGitRepoService - GIT代码初始化失败!
2020-04-14 19:59:05.035 [http-nio-9091-exec-8] ERROR o.a.c.c.C.[.[localhost].[/].[dispatcherServlet] - Servlet.service() for servlet [dispatcherServlet] in context with path [] threw exception [Request processing failed; nested exception is java.lang.NullPointerException] with root cause
java.lang.NullPointerException: null
	at com.e.caseservice.aspect.ControllerAspect.doAfterReturning(ControllerAspect.java:60)
	at sun.reflect.NativeMethodAccessorImpl.invoke0(Native Method)
	at sun.reflect.NativeMethodAccessorImpl.invoke(NativeMethodAccessorImpl.java:62)
	at sun.reflect.DelegatingMethodAccessorImpl.invoke(DelegatingMethodAccessorImpl.java:43)
	at java.lang.reflect.Method.invoke(Method.java:498)
	at org.springframework.aop.aspectj.AbstractAspectJAdvice.invokeAdviceMethodWithGivenArgs(AbstractAspectJAdvice.java:644)
	at org.springframework.aop.aspectj.AbstractAspectJAdvice.invokeAdviceMethod(AbstractAspectJAdvice.java:626)
	at org.springframework.aop.aspectj.AspectJAfterReturningAdvice.afterReturning(AspectJAfterReturningAdvice.java:66)
	at org.springframework.aop.framework.adapter.AfterReturningAdviceInterceptor.invoke(AfterReturningAdviceInterceptor.java:56)
	at org.springframework.aop.framework.ReflectiveMethodInvocation.proceed(ReflectiveMethodInvocation.java:186)
	at org.springframework.aop.framework.CglibAopProxy$CglibMethodInvocation.proceed(CglibAopProxy.java:749)
	at org.springframework.aop.interceptor.ExposeInvocationInterceptor.invoke(ExposeInvocationInterceptor.java:95)
	at org.springframework.aop.framework.ReflectiveMethodInvocation.proceed(ReflectiveMethodInvocation.java:186)
	at org.springframework.aop.framework.CglibAopProxy$CglibMethodInvocation.proceed(CglibAopProxy.java:749)
	at org.springframework.aop.framework.CglibAopProxy$DynamicAdvisedInterceptor.intercept(CglibAopProxy.java:691)
	at com.e.caseservice.controller.autotest.AutoTestSuiteController$$EnhancerBySpringCGLIB$$d543c0d6.downloadConf(<generated>)
	at sun.reflect.NativeMethodAccessorImpl.invoke0(Native Method)
	at sun.reflect.NativeMethodAccessorImpl.invoke(NativeMethodAccessorImpl.java:62)
	at sun.reflect.DelegatingMethodAccessorImpl.invoke(DelegatingMethodAccessorImpl.java:43)
	at java.lang.reflect.Method.invoke(Method.java:498)
	at org.springframework.web.method.support.InvocableHandlerMethod.doInvoke(InvocableHandlerMethod.java:190)
	at org.springframework.web.method.support.InvocableHandlerMethod.invokeForRequest(InvocableHandlerMethod.java:138)
	at org.springframework.web.servlet.mvc.method.annotation.ServletInvocableHandlerMethod.invokeAndHandle(ServletInvocableHandlerMethod.java:105)
	at org.springframework.web.servlet.mvc.method.annotation.RequestMappingHandlerAdapter.invokeHandlerMethod(RequestMappingHandlerAdapter.java:879)
	at org.springframework.web.servlet.mvc.method.annotation.RequestMappingHandlerAdapter.handleInternal(RequestMappingHandlerAdapter.java:793)
	at org.springframework.web.servlet.mvc.method.AbstractHandlerMethodAdapter.handle(AbstractHandlerMethodAdapter.java:87)
	at org.springframework.web.servlet.DispatcherServlet.doDispatch(DispatcherServlet.java:1040)
	at org.springframework.web.servlet.DispatcherServlet.doService(DispatcherServlet.java:943)
	at org.springframework.web.servlet.FrameworkServlet.processRequest(FrameworkServlet.java:1006)
	at org.springframework.web.servlet.FrameworkServlet.doGet(FrameworkServlet.java:898)
	at javax.servlet.http.HttpServlet.service(HttpServlet.java:634)
	at org.springframework.web.servlet.FrameworkServlet.service(FrameworkServlet.java:883)
	at javax.servlet.http.HttpServlet.service(HttpServlet.java:741)
	at org.apache.catalina.core.ApplicationFilterChain.internalDoFilter(ApplicationFilterChain.java:231)
	at org.apache.catalina.core.ApplicationFilterChain.doFilter(ApplicationFilterChain.java:166)
	at org.apache.tomcat.websocket.server.WsFilter.doFilter(WsFilter.java:53)
	at org.apache.catalina.core.ApplicationFilterChain.internalDoFilter(ApplicationFilterChain.java:193)
	at org.apache.catalina.core.ApplicationFilterChain.doFilter(ApplicationFilterChain.java:166)
	at org.springframework.web.filter.RequestContextFilter.doFilterInternal(RequestContextFilter.java:100)
	at org.springframework.web.filter.OncePerRequestFilter.doFilter(OncePerRequestFilter.java:119)
	at org.apache.catalina.core.ApplicationFilterChain.internalDoFilter(ApplicationFilterChain.java:193)
	at org.apache.catalina.core.ApplicationFilterChain.doFilter(ApplicationFilterChain.java:166)
	at org.springframework.web.filter.FormContentFilter.doFilterInternal(FormContentFilter.java:93)
	at org.springframework.web.filter.OncePerRequestFilter.doFilter(OncePerRequestFilter.java:119)
	at org.apache.catalina.core.ApplicationFilterChain.internalDoFilter(ApplicationFilterChain.java:193)
	at org.apache.catalina.core.ApplicationFilterChain.doFilter(ApplicationFilterChain.java:166)
	at org.springframework.web.filter.CharacterEncodingFilter.doFilterInternal(CharacterEncodingFilter.java:201)
	at org.springframework.web.filter.OncePerRequestFilter.doFilter(OncePerRequestFilter.java:119)
	at org.apache.catalina.core.ApplicationFilterChain.internalDoFilter(ApplicationFilterChain.java:193)
	at org.apache.catalina.core.ApplicationFilterChain.doFilter(ApplicationFilterChain.java:166)
	at org.apache.catalina.core.StandardWrapperValve.invoke(StandardWrapperValve.java:202)
	at org.apache.catalina.core.StandardContextValve.invoke(StandardContextValve.java:96)
	at org.apache.catalina.authenticator.AuthenticatorBase.invoke(AuthenticatorBase.java:541)
	at org.apache.catalina.core.StandardHostValve.invoke(StandardHostValve.java:139)
	at org.apache.catalina.valves.ErrorReportValve.invoke(ErrorReportValve.java:92)
	at org.apache.catalina.core.StandardEngineValve.invoke(StandardEngineValve.java:74)
	at org.apache.catalina.connector.CoyoteAdapter.service(CoyoteAdapter.java:343)
	at org.apache.coyote.http11.Http11Processor.service(Http11Processor.java:373)
	at org.apache.coyote.AbstractProcessorLight.process(AbstractProcessorLight.java:65)
	at org.apache.coyote.AbstractProtocol$ConnectionHandler.process(AbstractProtocol.java:868)
	at org.apache.tomcat.util.net.NioEndpoint$SocketProcessor.doRun(NioEndpoint.java:1594)
	at org.apache.tomcat.util.net.SocketProcessorBase.run(SocketProcessorBase.java:49)
	at java.util.concurrent.ThreadPoolExecutor.runWorker(ThreadPoolExecutor.java:1149)
	at java.util.concurrent.ThreadPoolExecutor$Worker.run(ThreadPoolExecutor.java:624)
	at org.apache.tomcat.util.threads.TaskThread$WrappingRunnable.run(TaskThread.java:61)
	at java.lang.Thread.run(Thread.java:748)
2020-04-14 19:59:05.048 [http-nio-9091-exec-8] ERROR o.s.b.a.w.s.e.ErrorMvcAutoConfiguration$StaticView - Cannot render error page for request [/autotestsuit/downloadConf] and exception [No message available] as the response has already been committed. As a result, the response may have the wrong status code.
2020-04-14 20:01:24.103 [http-nio-9091-exec-8] ERROR o.a.c.c.C.[.[localhost].[/].[dispatcherServlet] - Servlet.service() for servlet [dispatcherServlet] in context with path [] threw exception [Request processing failed; nested exception is java.lang.NullPointerException] with root cause
java.lang.NullPointerException: null
	at com.e.caseservice.aspect.ControllerAspect.doAfterReturning(ControllerAspect.java:60)
	at sun.reflect.NativeMethodAccessorImpl.invoke0(Native Method)
	at sun.reflect.NativeMethodAccessorImpl.invoke(NativeMethodAccessorImpl.java:62)
	at sun.reflect.DelegatingMethodAccessorImpl.invoke(DelegatingMethodAccessorImpl.java:43)
	at java.lang.reflect.Method.invoke(Method.java:498)
	at org.springframework.aop.aspectj.AbstractAspectJAdvice.invokeAdviceMethodWithGivenArgs(AbstractAspectJAdvice.java:644)
	at org.springframework.aop.aspectj.AbstractAspectJAdvice.invokeAdviceMethod(AbstractAspectJAdvice.java:626)
	at org.springframework.aop.aspectj.AspectJAfterReturningAdvice.afterReturning(AspectJAfterReturningAdvice.java:66)
	at org.springframework.aop.framework.adapter.AfterReturningAdviceInterceptor.invoke(AfterReturningAdviceInterceptor.java:56)
	at org.springframework.aop.framework.ReflectiveMethodInvocation.proceed(ReflectiveMethodInvocation.java:186)
	at org.springframework.aop.framework.CglibAopProxy$CglibMethodInvocation.proceed(CglibAopProxy.java:749)
	at org.springframework.aop.interceptor.ExposeInvocationInterceptor.invoke(ExposeInvocationInterceptor.java:95)
	at org.springframework.aop.framework.ReflectiveMethodInvocation.proceed(ReflectiveMethodInvocation.java:186)
	at org.springframework.aop.framework.CglibAopProxy$CglibMethodInvocation.proceed(CglibAopProxy.java:749)
	at org.springframework.aop.framework.CglibAopProxy$DynamicAdvisedInterceptor.intercept(CglibAopProxy.java:691)
	at com.e.caseservice.controller.autotest.AutoTestSuiteController$$EnhancerBySpringCGLIB$$c1132550.downloadConf(<generated>)
	at sun.reflect.NativeMethodAccessorImpl.invoke0(Native Method)
	at sun.reflect.NativeMethodAccessorImpl.invoke(NativeMethodAccessorImpl.java:62)
	at sun.reflect.DelegatingMethodAccessorImpl.invoke(DelegatingMethodAccessorImpl.java:43)
	at java.lang.reflect.Method.invoke(Method.java:498)
	at org.springframework.web.method.support.InvocableHandlerMethod.doInvoke(InvocableHandlerMethod.java:190)
	at org.springframework.web.method.support.InvocableHandlerMethod.invokeForRequest(InvocableHandlerMethod.java:138)
	at org.springframework.web.servlet.mvc.method.annotation.ServletInvocableHandlerMethod.invokeAndHandle(ServletInvocableHandlerMethod.java:105)
	at org.springframework.web.servlet.mvc.method.annotation.RequestMappingHandlerAdapter.invokeHandlerMethod(RequestMappingHandlerAdapter.java:879)
	at org.springframework.web.servlet.mvc.method.annotation.RequestMappingHandlerAdapter.handleInternal(RequestMappingHandlerAdapter.java:793)
	at org.springframework.web.servlet.mvc.method.AbstractHandlerMethodAdapter.handle(AbstractHandlerMethodAdapter.java:87)
	at org.springframework.web.servlet.DispatcherServlet.doDispatch(DispatcherServlet.java:1040)
	at org.springframework.web.servlet.DispatcherServlet.doService(DispatcherServlet.java:943)
	at org.springframework.web.servlet.FrameworkServlet.processRequest(FrameworkServlet.java:1006)
	at org.springframework.web.servlet.FrameworkServlet.doGet(FrameworkServlet.java:898)
	at javax.servlet.http.HttpServlet.service(HttpServlet.java:634)
	at org.springframework.web.servlet.FrameworkServlet.service(FrameworkServlet.java:883)
	at javax.servlet.http.HttpServlet.service(HttpServlet.java:741)
	at org.apache.catalina.core.ApplicationFilterChain.internalDoFilter(ApplicationFilterChain.java:231)
	at org.apache.catalina.core.ApplicationFilterChain.doFilter(ApplicationFilterChain.java:166)
	at org.apache.tomcat.websocket.server.WsFilter.doFilter(WsFilter.java:53)
	at org.apache.catalina.core.ApplicationFilterChain.internalDoFilter(ApplicationFilterChain.java:193)
	at org.apache.catalina.core.ApplicationFilterChain.doFilter(ApplicationFilterChain.java:166)
	at org.springframework.web.filter.RequestContextFilter.doFilterInternal(RequestContextFilter.java:100)
	at org.springframework.web.filter.OncePerRequestFilter.doFilter(OncePerRequestFilter.java:119)
	at org.apache.catalina.core.ApplicationFilterChain.internalDoFilter(ApplicationFilterChain.java:193)
	at org.apache.catalina.core.ApplicationFilterChain.doFilter(ApplicationFilterChain.java:166)
	at org.springframework.web.filter.FormContentFilter.doFilterInternal(FormContentFilter.java:93)
	at org.springframework.web.filter.OncePerRequestFilter.doFilter(OncePerRequestFilter.java:119)
	at org.apache.catalina.core.ApplicationFilterChain.internalDoFilter(ApplicationFilterChain.java:193)
	at org.apache.catalina.core.ApplicationFilterChain.doFilter(ApplicationFilterChain.java:166)
	at org.springframework.web.filter.CharacterEncodingFilter.doFilterInternal(CharacterEncodingFilter.java:201)
	at org.springframework.web.filter.OncePerRequestFilter.doFilter(OncePerRequestFilter.java:119)
	at org.apache.catalina.core.ApplicationFilterChain.internalDoFilter(ApplicationFilterChain.java:193)
	at org.apache.catalina.core.ApplicationFilterChain.doFilter(ApplicationFilterChain.java:166)
	at org.apache.catalina.core.StandardWrapperValve.invoke(StandardWrapperValve.java:202)
	at org.apache.catalina.core.StandardContextValve.invoke(StandardContextValve.java:96)
	at org.apache.catalina.authenticator.AuthenticatorBase.invoke(AuthenticatorBase.java:541)
	at org.apache.catalina.core.StandardHostValve.invoke(StandardHostValve.java:139)
	at org.apache.catalina.valves.ErrorReportValve.invoke(ErrorReportValve.java:92)
	at org.apache.catalina.core.StandardEngineValve.invoke(StandardEngineValve.java:74)
	at org.apache.catalina.connector.CoyoteAdapter.service(CoyoteAdapter.java:343)
	at org.apache.coyote.http11.Http11Processor.service(Http11Processor.java:373)
	at org.apache.coyote.AbstractProcessorLight.process(AbstractProcessorLight.java:65)
	at org.apache.coyote.AbstractProtocol$ConnectionHandler.process(AbstractProtocol.java:868)
	at org.apache.tomcat.util.net.NioEndpoint$SocketProcessor.doRun(NioEndpoint.java:1594)
	at org.apache.tomcat.util.net.SocketProcessorBase.run(SocketProcessorBase.java:49)
	at java.util.concurrent.ThreadPoolExecutor.runWorker(ThreadPoolExecutor.java:1149)
	at java.util.concurrent.ThreadPoolExecutor$Worker.run(ThreadPoolExecutor.java:624)
	at org.apache.tomcat.util.threads.TaskThread$WrappingRunnable.run(TaskThread.java:61)
	at java.lang.Thread.run(Thread.java:748)
2020-04-14 20:01:24.113 [http-nio-9091-exec-8] ERROR o.s.b.a.w.s.e.ErrorMvcAutoConfiguration$StaticView - Cannot render error page for request [/autotestsuit/downloadConf] and exception [No message available] as the response has already been committed. As a result, the response may have the wrong status code.
