2020-04-13 18:08:21.067 [http-nio-9091-exec-1] WARN  org.springframework.web.servlet.PageNotFound - No mapping for GET /view/index.html
2020-04-13 18:08:21.975 [http-nio-9091-exec-5] WARN  org.springframework.web.servlet.PageNotFound - No mapping for GET /view/index.html
2020-04-13 18:12:40.268 [http-nio-9091-exec-4] WARN  org.springframework.web.servlet.PageNotFound - No mapping for GET /index.html
2020-04-13 18:12:48.562 [http-nio-9091-exec-5] WARN  org.springframework.web.servlet.PageNotFound - No mapping for GET /index.html
2020-04-13 18:12:50.312 [http-nio-9091-exec-7] WARN  org.springframework.web.servlet.PageNotFound - No mapping for GET /index.html
2020-04-13 18:16:34.185 [http-nio-9091-exec-5] WARN  org.springframework.web.servlet.PageNotFound - No mapping for GET /cpp/version/getDtpVersion
2020-04-13 18:16:34.246 [http-nio-9091-exec-10] WARN  org.springframework.web.servlet.PageNotFound - No mapping for GET /cpp/conf/getDtpConf
2020-04-13 18:16:34.261 [http-nio-9091-exec-6] WARN  org.springframework.web.servlet.PageNotFound - No mapping for GET /cpp/login/getUsers
2020-04-13 18:16:34.437 [http-nio-9091-exec-3] WARN  org.springframework.web.servlet.PageNotFound - No mapping for GET /cpp/login/getloginuser
2020-04-13 18:16:34.646 [http-nio-9091-exec-5] WARN  org.springframework.web.servlet.PageNotFound - No mapping for GET /login/getloginuser/
2020-04-13 18:16:34.650 [http-nio-9091-exec-7] WARN  org.springframework.web.servlet.PageNotFound - No mapping for POST /autotask/searchAutoTaskList
2020-04-13 18:16:34.656 [http-nio-9091-exec-6] WARN  org.springframework.web.servlet.PageNotFound - No mapping for GET /login/getloginuser/
2020-04-13 18:16:34.743 [http-nio-9091-exec-9] WARN  org.springframework.web.servlet.PageNotFound - No mapping for GET /cpp/login/getloginuser
2020-04-13 18:16:34.752 [http-nio-9091-exec-7] WARN  org.springframework.web.servlet.PageNotFound - No mapping for GET /cpp/login/getloginuser
2020-04-13 18:16:46.386 [http-nio-9091-exec-7] WARN  org.springframework.web.servlet.PageNotFound - No mapping for GET /login/getloginuser/
2020-04-13 18:16:46.388 [http-nio-9091-exec-6] WARN  org.springframework.web.servlet.PageNotFound - No mapping for GET /slave/getAvailableSlave
2020-04-13 18:16:50.508 [http-nio-9091-exec-1] WARN  org.springframework.web.servlet.PageNotFound - No mapping for POST /autotask/searchAutoTaskList
2020-04-13 18:16:50.509 [http-nio-9091-exec-3] WARN  org.springframework.web.servlet.PageNotFound - No mapping for GET /login/getloginuser/
2020-04-13 18:16:51.488 [http-nio-9091-exec-5] WARN  org.springframework.web.servlet.PageNotFound - No mapping for POST /autotask/searchAutoTaskList
2020-04-13 18:17:46.497 [http-nio-9091-exec-8] WARN  org.springframework.web.servlet.PageNotFound - No mapping for GET /cpp/login/getUsers
2020-04-13 18:22:11.859 [http-nio-9091-exec-1] WARN  org.springframework.web.servlet.PageNotFound - No mapping for POST /autotask/searchAutoTaskList
2020-04-13 18:22:11.907 [http-nio-9091-exec-5] WARN  org.springframework.web.servlet.PageNotFound - No mapping for GET /login/getloginuser/
2020-04-13 18:22:17.081 [http-nio-9091-exec-2] WARN  org.springframework.web.servlet.PageNotFound - No mapping for GET /login/getloginuser/
2020-04-13 18:22:17.084 [http-nio-9091-exec-8] WARN  org.springframework.web.servlet.PageNotFound - No mapping for GET /slave/getAvailableSlave
2020-04-13 18:34:54.901 [http-nio-9091-exec-8] WARN  org.springframework.web.servlet.PageNotFound - No mapping for GET /cpp/version/getDtpVersion
2020-04-13 18:34:54.990 [http-nio-9091-exec-4] WARN  org.springframework.web.servlet.PageNotFound - No mapping for GET /cpp/conf/getDtpConf
2020-04-13 18:34:55.010 [http-nio-9091-exec-9] WARN  org.springframework.web.servlet.PageNotFound - No mapping for GET /cpp/login/getUsers
2020-04-13 18:34:55.356 [http-nio-9091-exec-7] WARN  org.springframework.web.servlet.PageNotFound - No mapping for GET /cpp/login/getloginuser
2020-04-13 18:34:55.484 [http-nio-9091-exec-2] WARN  org.springframework.web.servlet.PageNotFound - No mapping for GET /login/getloginuser/
2020-04-13 18:34:55.557 [http-nio-9091-exec-9] WARN  org.springframework.web.servlet.PageNotFound - No mapping for GET /cpp/login/getloginuser
2020-04-13 18:34:55.560 [http-nio-9091-exec-1] WARN  org.springframework.web.servlet.PageNotFound - No mapping for GET /cpp/login/getloginuser
2020-04-13 18:45:50.756 [http-nio-9091-exec-1] WARN  org.springframework.web.servlet.PageNotFound - No mapping for GET /cpp/version/getDtpVersion
2020-04-13 18:45:50.765 [http-nio-9091-exec-9] WARN  org.springframework.web.servlet.PageNotFound - No mapping for GET /cpp/conf/getDtpConf
2020-04-13 18:45:50.788 [http-nio-9091-exec-3] WARN  org.springframework.web.servlet.PageNotFound - No mapping for GET /cpp/login/getUsers
2020-04-13 18:45:51.065 [http-nio-9091-exec-6] WARN  org.springframework.web.servlet.PageNotFound - No mapping for GET /cpp/login/getloginuser
2020-04-13 18:45:51.232 [http-nio-9091-exec-10] WARN  org.springframework.web.servlet.PageNotFound - No mapping for GET /login/getloginuser/
2020-04-13 18:45:51.307 [http-nio-9091-exec-9] WARN  org.springframework.web.servlet.PageNotFound - No mapping for GET /cpp/login/getloginuser
2020-04-13 18:45:51.312 [http-nio-9091-exec-10] WARN  org.springframework.web.servlet.PageNotFound - No mapping for GET /cpp/login/getloginuser
2020-04-13 18:46:43.086 [http-nio-9091-exec-2] WARN  org.springframework.web.servlet.PageNotFound - No mapping for GET /cpp/version/getDtpVersion
2020-04-13 18:46:43.165 [http-nio-9091-exec-3] WARN  org.springframework.web.servlet.PageNotFound - No mapping for GET /cpp/conf/getDtpConf
2020-04-13 18:46:43.182 [http-nio-9091-exec-4] WARN  org.springframework.web.servlet.PageNotFound - No mapping for GET /cpp/login/getUsers
2020-04-13 18:46:43.390 [http-nio-9091-exec-7] WARN  org.springframework.web.servlet.PageNotFound - No mapping for GET /cpp/login/getloginuser
2020-04-13 18:46:43.484 [http-nio-9091-exec-8] WARN  org.springframework.web.servlet.PageNotFound - No mapping for GET /login/getloginuser/
2020-04-13 18:46:43.603 [http-nio-9091-exec-1] WARN  org.springframework.web.servlet.PageNotFound - No mapping for GET /cpp/login/getloginuser
2020-04-13 18:46:43.611 [http-nio-9091-exec-2] WARN  org.springframework.web.servlet.PageNotFound - No mapping for GET /cpp/login/getloginuser
2020-04-13 18:48:18.313 [http-nio-9091-exec-6] WARN  org.springframework.web.servlet.PageNotFound - No mapping for GET /cpp/version/getDtpVersion
2020-04-13 18:48:18.321 [http-nio-9091-exec-8] WARN  org.springframework.web.servlet.PageNotFound - No mapping for GET /cpp/conf/getDtpConf
2020-04-13 18:48:18.338 [http-nio-9091-exec-9] WARN  org.springframework.web.servlet.PageNotFound - No mapping for GET /cpp/login/getUsers
2020-04-13 18:48:18.440 [http-nio-9091-exec-2] WARN  org.springframework.web.servlet.PageNotFound - No mapping for GET /cpp/login/getloginuser
2020-04-13 18:48:18.532 [http-nio-9091-exec-4] WARN  org.springframework.web.servlet.PageNotFound - No mapping for GET /login/getloginuser/
2020-04-13 18:48:18.636 [http-nio-9091-exec-7] WARN  org.springframework.web.servlet.PageNotFound - No mapping for GET /cpp/login/getloginuser
2020-04-13 18:48:18.640 [http-nio-9091-exec-6] WARN  org.springframework.web.servlet.PageNotFound - No mapping for GET /cpp/login/getloginuser
2020-04-13 18:48:23.411 [http-nio-9091-exec-9] WARN  org.springframework.web.servlet.PageNotFound - No mapping for GET /cpp/version/getDtpVersion
2020-04-13 18:48:23.416 [http-nio-9091-exec-1] WARN  org.springframework.web.servlet.PageNotFound - No mapping for GET /cpp/conf/getDtpConf
2020-04-13 18:48:23.427 [http-nio-9091-exec-2] WARN  org.springframework.web.servlet.PageNotFound - No mapping for GET /cpp/login/getUsers
2020-04-13 18:48:23.538 [http-nio-9091-exec-4] WARN  org.springframework.web.servlet.PageNotFound - No mapping for GET /cpp/login/getloginuser
2020-04-13 18:48:23.623 [http-nio-9091-exec-7] WARN  org.springframework.web.servlet.PageNotFound - No mapping for GET /login/getloginuser/
2020-04-13 18:48:23.670 [http-nio-9091-exec-8] WARN  org.springframework.web.servlet.PageNotFound - No mapping for GET /cpp/login/getloginuser
2020-04-13 18:48:23.673 [http-nio-9091-exec-9] WARN  org.springframework.web.servlet.PageNotFound - No mapping for GET /cpp/login/getloginuser
2020-04-13 18:48:46.389 [http-nio-9091-exec-7] WARN  org.springframework.web.servlet.PageNotFound - No mapping for GET /cpp/version/getDtpVersion
2020-04-13 18:48:46.403 [http-nio-9091-exec-5] WARN  org.springframework.web.servlet.PageNotFound - No mapping for GET /cpp/conf/getDtpConf
2020-04-13 18:48:46.423 [http-nio-9091-exec-8] WARN  org.springframework.web.servlet.PageNotFound - No mapping for GET /cpp/login/getUsers
2020-04-13 18:48:46.779 [http-nio-9091-exec-3] WARN  org.springframework.web.servlet.PageNotFound - No mapping for GET /cpp/login/getloginuser
2020-04-13 18:48:46.869 [http-nio-9091-exec-10] WARN  org.springframework.web.servlet.PageNotFound - No mapping for GET /login/getloginuser/
2020-04-13 18:48:46.977 [http-nio-9091-exec-10] WARN  org.springframework.web.servlet.PageNotFound - No mapping for GET /cpp/login/getloginuser
2020-04-13 18:48:46.981 [http-nio-9091-exec-3] WARN  org.springframework.web.servlet.PageNotFound - No mapping for GET /cpp/login/getloginuser
2020-04-13 18:48:49.803 [http-nio-9091-exec-7] WARN  org.springframework.web.servlet.PageNotFound - No mapping for GET /cpp/version/getDtpVersion
2020-04-13 18:48:49.812 [http-nio-9091-exec-8] WARN  org.springframework.web.servlet.PageNotFound - No mapping for GET /cpp/conf/getDtpConf
2020-04-13 18:48:49.836 [http-nio-9091-exec-1] WARN  org.springframework.web.servlet.PageNotFound - No mapping for GET /cpp/login/getUsers
2020-04-13 18:48:49.922 [http-nio-9091-exec-4] WARN  org.springframework.web.servlet.PageNotFound - No mapping for GET /cpp/login/getloginuser
2020-04-13 18:48:49.961 [http-nio-9091-exec-9] WARN  org.springframework.web.servlet.PageNotFound - No mapping for GET /login/getloginuser/
2020-04-13 18:48:50.012 [http-nio-9091-exec-5] WARN  org.springframework.web.servlet.PageNotFound - No mapping for GET /cpp/login/getloginuser
2020-04-13 18:48:50.017 [http-nio-9091-exec-7] WARN  org.springframework.web.servlet.PageNotFound - No mapping for GET /cpp/login/getloginuser
2020-04-13 18:49:58.761 [http-nio-9091-exec-2] WARN  org.springframework.web.servlet.PageNotFound - No mapping for GET /slave/getSlaveList
2020-04-13 18:50:00.417 [http-nio-9091-exec-10] WARN  org.springframework.web.servlet.PageNotFound - No mapping for POST /slave/getAllSlaveNames
2020-04-13 18:50:00.420 [http-nio-9091-exec-10] WARN  org.springframework.web.servlet.PageNotFound - No mapping for GET /slave/getCredentials
2020-04-13 18:50:00.422 [http-nio-9091-exec-3] WARN  org.springframework.web.servlet.PageNotFound - No mapping for GET /login/getloginuser/
2020-04-13 18:50:07.094 [http-nio-9091-exec-7] WARN  org.springframework.web.servlet.PageNotFound - No mapping for POST /autotask/searchAutoTaskList
2020-04-13 18:50:07.096 [http-nio-9091-exec-2] WARN  org.springframework.web.servlet.PageNotFound - No mapping for GET /login/getloginuser/
2020-04-13 18:50:08.667 [http-nio-9091-exec-10] WARN  org.springframework.web.servlet.PageNotFound - No mapping for GET /login/getloginuser/
2020-04-13 18:50:08.672 [http-nio-9091-exec-3] WARN  org.springframework.web.servlet.PageNotFound - No mapping for GET /slave/getAvailableSlave
2020-04-13 18:50:11.582 [http-nio-9091-exec-8] WARN  org.springframework.web.servlet.PageNotFound - No mapping for POST /autotask/searchAutoTaskList
2020-04-13 18:50:11.596 [http-nio-9091-exec-5] WARN  org.springframework.web.servlet.PageNotFound - No mapping for GET /login/getloginuser/
2020-04-13 19:10:48.897 [http-nio-9091-exec-1] WARN  org.springframework.web.servlet.PageNotFound - No mapping for GET /cpp/version/getDtpVersion
2020-04-13 19:10:48.906 [http-nio-9091-exec-10] WARN  org.springframework.web.servlet.PageNotFound - No mapping for GET /cpp/conf/getDtpConf
2020-04-13 19:10:48.917 [http-nio-9091-exec-9] WARN  org.springframework.web.servlet.PageNotFound - No mapping for GET /cpp/login/getUsers
2020-04-13 19:10:49.185 [http-nio-9091-exec-2] WARN  org.springframework.web.servlet.PageNotFound - No mapping for GET /cpp/login/getloginuser
2020-04-13 19:10:49.384 [http-nio-9091-exec-3] WARN  org.springframework.web.servlet.PageNotFound - No mapping for GET /login/getloginuser/
2020-04-13 19:10:49.460 [http-nio-9091-exec-6] WARN  org.springframework.web.servlet.PageNotFound - No mapping for GET /cpp/login/getloginuser
2020-04-13 19:10:49.463 [http-nio-9091-exec-10] WARN  org.springframework.web.servlet.PageNotFound - No mapping for GET /cpp/login/getloginuser
2020-04-13 19:10:51.195 [http-nio-9091-exec-7] WARN  org.springframework.web.servlet.PageNotFound - No mapping for GET /cpp/version/getDtpVersion
2020-04-13 19:10:51.207 [http-nio-9091-exec-2] WARN  org.springframework.web.servlet.PageNotFound - No mapping for GET /cpp/conf/getDtpConf
2020-04-13 19:10:51.223 [http-nio-9091-exec-4] WARN  org.springframework.web.servlet.PageNotFound - No mapping for GET /cpp/login/getUsers
2020-04-13 19:10:51.457 [http-nio-9091-exec-1] WARN  org.springframework.web.servlet.PageNotFound - No mapping for GET /cpp/login/getloginuser
2020-04-13 19:10:51.559 [http-nio-9091-exec-3] WARN  org.springframework.web.servlet.PageNotFound - No mapping for GET /login/getloginuser/
2020-04-13 19:10:51.656 [http-nio-9091-exec-5] WARN  org.springframework.web.servlet.PageNotFound - No mapping for GET /cpp/login/getloginuser
2020-04-13 19:10:51.659 [http-nio-9091-exec-7] WARN  org.springframework.web.servlet.PageNotFound - No mapping for GET /cpp/login/getloginuser
2020-04-13 19:11:27.830 [http-nio-9091-exec-2] WARN  org.springframework.web.servlet.PageNotFound - No mapping for GET /cpp/version/getDtpVersion
2020-04-13 19:11:27.957 [http-nio-9091-exec-3] WARN  org.springframework.web.servlet.PageNotFound - No mapping for GET /cpp/conf/getDtpConf
2020-04-13 19:11:28.010 [http-nio-9091-exec-4] WARN  org.springframework.web.servlet.PageNotFound - No mapping for GET /cpp/login/getUsers
2020-04-13 19:11:28.295 [http-nio-9091-exec-6] WARN  org.springframework.web.servlet.PageNotFound - No mapping for GET /cpp/login/getloginuser
2020-04-13 19:11:28.631 [http-nio-9091-exec-9] WARN  org.springframework.web.servlet.PageNotFound - No mapping for GET /login/getloginuser/
2020-04-13 19:11:28.636 [http-nio-9091-exec-1] WARN  org.springframework.web.servlet.PageNotFound - No mapping for GET /cpp/login/getloginuser
2020-04-13 19:11:28.724 [http-nio-9091-exec-2] WARN  org.springframework.web.servlet.PageNotFound - No mapping for GET /cpp/login/getloginuser
2020-04-13 19:11:47.602 [http-nio-9091-exec-8] WARN  org.springframework.web.servlet.PageNotFound - No mapping for GET /cpp/version/getDtpVersion
2020-04-13 19:11:47.611 [http-nio-9091-exec-1] WARN  org.springframework.web.servlet.PageNotFound - No mapping for GET /cpp/conf/getDtpConf
2020-04-13 19:11:47.631 [http-nio-9091-exec-2] WARN  org.springframework.web.servlet.PageNotFound - No mapping for GET /cpp/login/getUsers
2020-04-13 19:11:48.053 [http-nio-9091-exec-8] WARN  org.springframework.web.servlet.PageNotFound - No mapping for GET /cpp/login/getloginuser
2020-04-13 19:11:48.232 [http-nio-9091-exec-4] WARN  org.springframework.web.servlet.PageNotFound - No mapping for GET /login/getloginuser/
2020-04-13 19:11:48.345 [http-nio-9091-exec-4] WARN  org.springframework.web.servlet.PageNotFound - No mapping for GET /cpp/login/getloginuser
2020-04-13 19:11:48.350 [http-nio-9091-exec-5] WARN  org.springframework.web.servlet.PageNotFound - No mapping for GET /cpp/login/getloginuser
2020-04-13 19:11:48.357 [http-nio-9091-exec-3] WARN  org.springframework.web.servlet.PageNotFound - No mapping for GET /app/img/logo-dtdream-dtp.png
2020-04-13 19:11:48.357 [http-nio-9091-exec-1] WARN  org.springframework.web.servlet.PageNotFound - No mapping for GET /app/img/logo-dtdream-dtp2.png
2020-04-13 19:14:48.823 [http-nio-9091-exec-3] WARN  org.springframework.web.servlet.PageNotFound - No mapping for GET /cpp/version/getDtpVersion
2020-04-13 19:14:48.897 [http-nio-9091-exec-4] WARN  org.springframework.web.servlet.PageNotFound - No mapping for GET /cpp/conf/getDtpConf
2020-04-13 19:14:48.916 [http-nio-9091-exec-5] WARN  org.springframework.web.servlet.PageNotFound - No mapping for GET /cpp/login/getUsers
2020-04-13 19:14:49.241 [http-nio-9091-exec-7] WARN  org.springframework.web.servlet.PageNotFound - No mapping for GET /cpp/login/getloginuser
2020-04-13 19:14:49.333 [http-nio-9091-exec-9] WARN  org.springframework.web.servlet.PageNotFound - No mapping for GET /login/getloginuser/
2020-04-13 19:14:49.513 [http-nio-9091-exec-3] WARN  org.springframework.web.servlet.PageNotFound - No mapping for GET /cpp/login/getloginuser
2020-04-13 19:14:49.521 [http-nio-9091-exec-4] WARN  org.springframework.web.servlet.PageNotFound - No mapping for GET /app/img/logo-dtdream-dtp.png
2020-04-13 19:14:49.522 [http-nio-9091-exec-5] WARN  org.springframework.web.servlet.PageNotFound - No mapping for GET /app/img/logo-dtdream-dtp2.png
2020-04-13 19:14:49.529 [http-nio-9091-exec-6] WARN  org.springframework.web.servlet.PageNotFound - No mapping for GET /cpp/login/getloginuser
2020-04-13 19:15:22.608 [http-nio-9091-exec-9] WARN  org.springframework.web.servlet.PageNotFound - No mapping for GET /cpp/version/getDtpVersion
2020-04-13 19:15:22.615 [http-nio-9091-exec-10] WARN  org.springframework.web.servlet.PageNotFound - No mapping for GET /cpp/conf/getDtpConf
2020-04-13 19:15:22.632 [http-nio-9091-exec-2] WARN  org.springframework.web.servlet.PageNotFound - No mapping for GET /cpp/login/getUsers
2020-04-13 19:15:22.845 [http-nio-9091-exec-5] WARN  org.springframework.web.servlet.PageNotFound - No mapping for GET /cpp/login/getloginuser
2020-04-13 19:15:23.041 [http-nio-9091-exec-6] WARN  org.springframework.web.servlet.PageNotFound - No mapping for GET /login/getloginuser/
2020-04-13 19:15:23.128 [http-nio-9091-exec-9] WARN  org.springframework.web.servlet.PageNotFound - No mapping for GET /cpp/login/getloginuser
2020-04-13 19:15:23.132 [http-nio-9091-exec-10] WARN  org.springframework.web.servlet.PageNotFound - No mapping for GET /cpp/login/getloginuser
2020-04-13 19:15:23.138 [http-nio-9091-exec-2] WARN  org.springframework.web.servlet.PageNotFound - No mapping for GET /app/img/logo-dtdream-dtp.png
2020-04-13 19:15:23.138 [http-nio-9091-exec-3] WARN  org.springframework.web.servlet.PageNotFound - No mapping for GET /app/img/logo-dtdream-dtp2.png
2020-04-13 19:15:56.247 [http-nio-9091-exec-4] WARN  org.springframework.web.servlet.PageNotFound - No mapping for GET /login/getloginuser/
2020-04-13 19:15:56.373 [http-nio-9091-exec-8] WARN  org.springframework.web.servlet.PageNotFound - No mapping for GET /cpp/login/getloginuser
2020-04-13 19:15:56.377 [http-nio-9091-exec-9] WARN  org.springframework.web.servlet.PageNotFound - No mapping for GET /cpp/login/getloginuser
2020-04-13 19:15:56.387 [http-nio-9091-exec-10] WARN  org.springframework.web.servlet.PageNotFound - No mapping for GET /app/img/logo-dtdream-dtp.png
2020-04-13 19:15:56.389 [http-nio-9091-exec-2] WARN  org.springframework.web.servlet.PageNotFound - No mapping for GET /app/img/logo-dtdream-dtp2.png
2020-04-13 19:16:02.583 [http-nio-9091-exec-5] WARN  org.springframework.web.servlet.PageNotFound - No mapping for GET /cpp/version/getDtpVersion
2020-04-13 19:16:02.592 [http-nio-9091-exec-4] WARN  org.springframework.web.servlet.PageNotFound - No mapping for GET /cpp/conf/getDtpConf
2020-04-13 19:16:02.614 [http-nio-9091-exec-6] WARN  org.springframework.web.servlet.PageNotFound - No mapping for GET /cpp/login/getUsers
2020-04-13 19:16:02.898 [http-nio-9091-exec-1] WARN  org.springframework.web.servlet.PageNotFound - No mapping for GET /cpp/login/getloginuser
2020-04-13 19:16:03.070 [http-nio-9091-exec-9] WARN  org.springframework.web.servlet.PageNotFound - No mapping for GET /login/getloginuser/
2020-04-13 19:16:03.170 [http-nio-9091-exec-3] WARN  org.springframework.web.servlet.PageNotFound - No mapping for GET /cpp/login/getloginuser
2020-04-13 19:16:03.175 [http-nio-9091-exec-5] WARN  org.springframework.web.servlet.PageNotFound - No mapping for GET /cpp/login/getloginuser
2020-04-13 19:16:03.180 [http-nio-9091-exec-4] WARN  org.springframework.web.servlet.PageNotFound - No mapping for GET /app/img/logo-dtdream-dtp.png
2020-04-13 19:16:03.181 [http-nio-9091-exec-6] WARN  org.springframework.web.servlet.PageNotFound - No mapping for GET /app/img/logo-dtdream-dtp2.png
2020-04-13 19:16:14.314 [http-nio-9091-exec-1] WARN  org.springframework.web.servlet.PageNotFound - No mapping for GET /cpp/version/getDtpVersion
2020-04-13 19:16:14.326 [http-nio-9091-exec-8] WARN  org.springframework.web.servlet.PageNotFound - No mapping for GET /cpp/conf/getDtpConf
2020-04-13 19:16:14.344 [http-nio-9091-exec-10] WARN  org.springframework.web.servlet.PageNotFound - No mapping for GET /cpp/login/getUsers
2020-04-13 19:16:14.589 [http-nio-9091-exec-9] WARN  org.springframework.web.servlet.PageNotFound - No mapping for GET /cpp/login/getloginuser
2020-04-13 19:16:14.717 [http-nio-9091-exec-4] WARN  org.springframework.web.servlet.PageNotFound - No mapping for GET /login/getloginuser/
2020-04-13 19:16:14.803 [http-nio-9091-exec-7] WARN  org.springframework.web.servlet.PageNotFound - No mapping for GET /cpp/login/getloginuser
2020-04-13 19:16:14.807 [http-nio-9091-exec-1] WARN  org.springframework.web.servlet.PageNotFound - No mapping for GET /cpp/login/getloginuser
2020-04-13 19:16:14.812 [http-nio-9091-exec-10] WARN  org.springframework.web.servlet.PageNotFound - No mapping for GET /app/img/logo-dtdream-dtp2.png
2020-04-13 19:16:14.811 [http-nio-9091-exec-8] WARN  org.springframework.web.servlet.PageNotFound - No mapping for GET /app/img/logo-dtdream-dtp.png
2020-04-13 19:16:46.698 [http-nio-9091-exec-7] WARN  org.springframework.web.servlet.PageNotFound - No mapping for GET /cpp/version/getDtpVersion
2020-04-13 19:16:46.761 [http-nio-9091-exec-6] WARN  org.springframework.web.servlet.PageNotFound - No mapping for GET /cpp/conf/getDtpConf
2020-04-13 19:16:46.783 [http-nio-9091-exec-8] WARN  org.springframework.web.servlet.PageNotFound - No mapping for GET /cpp/login/getUsers
2020-04-13 19:16:47.174 [http-nio-9091-exec-2] WARN  org.springframework.web.servlet.PageNotFound - No mapping for GET /cpp/login/getloginuser
2020-04-13 19:16:47.351 [http-nio-9091-exec-4] WARN  org.springframework.web.servlet.PageNotFound - No mapping for GET /login/getloginuser/
2020-04-13 19:16:47.498 [http-nio-9091-exec-1] WARN  org.springframework.web.servlet.PageNotFound - No mapping for GET /cpp/login/getloginuser
2020-04-13 19:16:47.503 [http-nio-9091-exec-4] WARN  org.springframework.web.servlet.PageNotFound - No mapping for GET /cpp/login/getloginuser
2020-04-13 19:18:53.638 [http-nio-9091-exec-5] WARN  org.springframework.web.servlet.PageNotFound - No mapping for GET /cpp/version/getDtpVersion
2020-04-13 19:18:53.645 [http-nio-9091-exec-9] WARN  org.springframework.web.servlet.PageNotFound - No mapping for GET /cpp/conf/getDtpConf
2020-04-13 19:18:53.664 [http-nio-9091-exec-10] WARN  org.springframework.web.servlet.PageNotFound - No mapping for GET /cpp/login/getUsers
2020-04-13 19:18:53.914 [http-nio-9091-exec-3] WARN  org.springframework.web.servlet.PageNotFound - No mapping for GET /cpp/login/getloginuser
2020-04-13 19:18:54.039 [http-nio-9091-exec-7] WARN  org.springframework.web.servlet.PageNotFound - No mapping for GET /login/getloginuser/
2020-04-13 19:18:54.182 [http-nio-9091-exec-5] WARN  org.springframework.web.servlet.PageNotFound - No mapping for GET /cpp/login/getloginuser
2020-04-13 19:18:54.206 [http-nio-9091-exec-9] WARN  org.springframework.web.servlet.PageNotFound - No mapping for GET /cpp/login/getloginuser
2020-04-13 19:19:33.355 [http-nio-9091-exec-4] WARN  org.springframework.web.servlet.PageNotFound - No mapping for GET /cpp/version/getDtpVersion
2020-04-13 19:19:33.361 [http-nio-9091-exec-2] WARN  org.springframework.web.servlet.PageNotFound - No mapping for GET /cpp/conf/getDtpConf
2020-04-13 19:19:33.377 [http-nio-9091-exec-5] WARN  org.springframework.web.servlet.PageNotFound - No mapping for GET /cpp/login/getUsers
2020-04-13 19:19:33.780 [http-nio-9091-exec-2] WARN  org.springframework.web.servlet.PageNotFound - No mapping for GET /cpp/login/getloginuser
2020-04-13 19:19:33.978 [http-nio-9091-exec-3] WARN  org.springframework.web.servlet.PageNotFound - No mapping for GET /login/getloginuser/
2020-04-13 19:19:34.065 [http-nio-9091-exec-3] WARN  org.springframework.web.servlet.PageNotFound - No mapping for GET /cpp/login/getloginuser
2020-04-13 19:19:34.070 [http-nio-9091-exec-7] WARN  org.springframework.web.servlet.PageNotFound - No mapping for GET /cpp/login/getloginuser
2020-04-13 19:20:04.052 [http-nio-9091-exec-2] WARN  org.springframework.web.servlet.PageNotFound - No mapping for GET /cpp/version/getDtpVersion
2020-04-13 19:20:04.132 [http-nio-9091-exec-4] WARN  org.springframework.web.servlet.PageNotFound - No mapping for GET /cpp/conf/getDtpConf
2020-04-13 19:20:04.189 [http-nio-9091-exec-8] WARN  org.springframework.web.servlet.PageNotFound - No mapping for GET /cpp/login/getUsers
2020-04-13 19:20:04.481 [http-nio-9091-exec-10] WARN  org.springframework.web.servlet.PageNotFound - No mapping for GET /cpp/login/getloginuser
2020-04-13 19:20:04.636 [http-nio-9091-exec-5] WARN  org.springframework.web.servlet.PageNotFound - No mapping for GET /login/getloginuser/
2020-04-13 19:20:04.838 [http-nio-9091-exec-2] WARN  org.springframework.web.servlet.PageNotFound - No mapping for GET /cpp/login/getloginuser
2020-04-13 19:20:04.844 [http-nio-9091-exec-4] WARN  org.springframework.web.servlet.PageNotFound - No mapping for GET /cpp/login/getloginuser
